<?xml version="1.0" encoding="UTF-8"?>
<testng-results ignored="0" total="1" passed="1" failed="0" skipped="0">
  <reporter-output>
  </reporter-output>
  <suite started-at="2020-02-16T19:44:08Z" name="Default suite" finished-at="2020-02-16T19:44:11Z" duration-ms="2783">
    <groups>
    </groups>
    <test started-at="2020-02-16T19:44:08Z" name="Default test" finished-at="2020-02-16T19:44:11Z" duration-ms="2783">
      <class name="restAssured.GetClass">
        <test-method signature="getMethod()[pri:0, instance:restAssured.GetClass@b3ca52e]" started-at="2020-02-16T19:44:08Z" name="getMethod" finished-at="2020-02-16T19:44:11Z" duration-ms="2720" status="PASS">
          <reporter-output>
          </reporter-output>
        </test-method> <!-- getMethod -->
      </class> <!-- restAssured.GetClass -->
    </test> <!-- Default test -->
  </suite> <!-- Default suite -->
</testng-results>
